c:\users\s12de\documents\github\malwaredeveloped\frankensteinapcinjection\frankenstein\frankensteinapcinjection\x64\release\shcd.obj
c:\users\s12de\documents\github\malwaredeveloped\frankensteinapcinjection\frankenstein\frankensteinapcinjection\x64\release\rwxfinder.obj
c:\users\s12de\documents\github\malwaredeveloped\frankensteinapcinjection\frankenstein\frankensteinapcinjection\x64\release\customwriteprocessmemory.obj
c:\users\s12de\documents\github\malwaredeveloped\frankensteinapcinjection\frankenstein\frankensteinapcinjection\x64\release\injectioncandidate.h.ifc
c:\users\s12de\documents\github\malwaredeveloped\frankensteinapcinjection\frankenstein\frankensteinapcinjection\x64\release\injectioncandidate.h.ifc.d.json
c:\users\s12de\documents\github\malwaredeveloped\frankensteinapcinjection\frankenstein\frankensteinapcinjection\x64\release\injectioncandidate.h.obj
c:\users\s12de\documents\github\malwaredeveloped\frankensteinapcinjection\frankenstein\frankensteinapcinjection\x64\release\frankenstein.obj
c:\users\s12de\documents\github\malwaredeveloped\frankensteinapcinjection\frankenstein\x64\release\frankensteinapc.exe
c:\users\s12de\documents\github\malwaredeveloped\frankensteinapcinjection\frankenstein\x64\release\frankensteinapc.pdb
c:\users\s12de\documents\github\malwaredeveloped\frankensteinapcinjection\frankenstein\frankensteinapcinjection\x64\release\injectioncandidate.h.module.json
c:\users\s12de\documents\github\malwaredeveloped\frankensteinapcinjection\frankenstein\frankensteinapcinjection\x64\release\frankensteinapc.ipdb
c:\users\s12de\documents\github\malwaredeveloped\frankensteinapcinjection\frankenstein\frankensteinapcinjection\x64\release\frankensteinapc.iobj
c:\users\s12de\documents\github\malwaredeveloped\frankensteinapcinjection\frankenstein\frankensteinapcinjection\x64\release\vc145.pdb
c:\users\s12de\documents\github\malwaredeveloped\frankensteinapcinjection\frankenstein\frankensteinapcinjection\x64\release\frankensteinapc.tlog\cl.command.1.tlog
c:\users\s12de\documents\github\malwaredeveloped\frankensteinapcinjection\frankenstein\frankensteinapcinjection\x64\release\frankensteinapc.tlog\cl.items.tlog
c:\users\s12de\documents\github\malwaredeveloped\frankensteinapcinjection\frankenstein\frankensteinapcinjection\x64\release\frankensteinapc.tlog\cl.read.1.tlog
c:\users\s12de\documents\github\malwaredeveloped\frankensteinapcinjection\frankenstein\frankensteinapcinjection\x64\release\frankensteinapc.tlog\cl.write.1.tlog
c:\users\s12de\documents\github\malwaredeveloped\frankensteinapcinjection\frankenstein\frankensteinapcinjection\x64\release\frankensteinapc.tlog\link.command.1.tlog
c:\users\s12de\documents\github\malwaredeveloped\frankensteinapcinjection\frankenstein\frankensteinapcinjection\x64\release\frankensteinapc.tlog\link.read.1.tlog
c:\users\s12de\documents\github\malwaredeveloped\frankensteinapcinjection\frankenstein\frankensteinapcinjection\x64\release\frankensteinapc.tlog\link.secondary.1.tlog
c:\users\s12de\documents\github\malwaredeveloped\frankensteinapcinjection\frankenstein\frankensteinapcinjection\x64\release\frankensteinapc.tlog\link.write.1.tlog
c:\users\s12de\documents\github\malwaredeveloped\frankensteinapcinjection\frankenstein\frankensteinapcinjection\x64\release\frankensteinapc_md.tlog\cl.command.1.tlog
c:\users\s12de\documents\github\malwaredeveloped\frankensteinapcinjection\frankenstein\frankensteinapcinjection\x64\release\frankensteinapc_md.tlog\microsoft.build.cpptasks.cl.read.1.tlog
c:\users\s12de\documents\github\malwaredeveloped\frankensteinapcinjection\frankenstein\frankensteinapcinjection\x64\release\frankensteinapc_md.tlog\microsoft.build.cpptasks.cl.write.1.tlog
